<?xml version="1.0" encoding="UTF-8"?>
<con:testCase id="c8f256a9-1e65-4c44-a10f-55265a8ee4b5" discardOkResults="false" failOnError="false" failTestCaseOnErrors="true" keepSession="false" name="Test Case ADD" searchProperties="true" timeout="0" xmlns:con="http://eviware.com/soapui/config"><con:settings><con:setting id="c8f256a9-1e65-4c44-a10f-55265a8ee4b5fileName">Test-Case-ADD</con:setting></con:settings><con:testStep type="request" id="5af320f4-2b51-44da-b4f5-49d22cc78d4c" name="SOAP Request"><con:settings/><con:config xsi:type="con:RequestStep" xmlns:xsi="http://www.w3.org/2001/XMLSchema-instance"><con:interface>CalculatorSoap</con:interface><con:operation>Add</con:operation><con:request name="SOAP Request" outgoingWss="" incomingWss="" timeout="" sslKeystore="" useWsAddressing="false" useWsReliableMessaging="false" wssPasswordType="" id="3ef86477-f56a-40d2-b179-60bed0584edb"><con:settings><con:setting id="com.eviware.soapui.impl.wsdl.WsdlRequest@request-headers">&lt;xml-fragment/></con:setting></con:settings><con:encoding>UTF-8</con:encoding><con:endpoint>http://www.dneonline.com/calculator.asmx</con:endpoint><con:request><![CDATA[<soapenv:Envelope xmlns:soapenv="http://schemas.xmlsoap.org/soap/envelope/" xmlns:tem="http://tempuri.org/">
   <soapenv:Header/>
   <soapenv:Body>
      <tem:Add>
         <tem:intA>1</tem:intA>
         <tem:intB>2</tem:intB>
      </tem:Add>
   </soapenv:Body>
</soapenv:Envelope>]]></con:request><con:assertion type="Valid HTTP Status Codes" id="89903afa-7369-4834-9fef-7f644c914b5d" name="Valid HTTP Status Codes"><con:settings/><con:configuration><codes>200</codes></con:configuration></con:assertion><con:assertion type="Response SLA Assertion" id="1ee0064f-20dd-424a-8ef8-2f46a748715d" name="Response SLA"><con:configuration><SLA>300</SLA></con:configuration></con:assertion><con:assertion type="SOAP Fault Assertion" id="ce884a45-c753-4f1f-a1dc-0bd36d34f678" name="Not SOAP Fault"/><con:assertion type="Schema Compliance" id="f9b1486e-ccf2-4b4f-833c-4ab2a153c7ca" name="Schema Compliance"><con:configuration/></con:assertion><con:assertion type="XPath Match" id="1b2c7b28-b6ca-4184-9c44-4abd5f750fdf" name="Check for existence of [AddResult]"><con:configuration><path>declare namespace ns1='http://tempuri.org/';
exists( //ns1:AddResponse/ns1:AddResult)</path><content>true</content><allowWildcards>false</allowWildcards><ignoreNamspaceDifferences>false</ignoreNamspaceDifferences><ignoreComments>false</ignoreComments></con:configuration></con:assertion><con:assertion type="DataAndMetadataAssertion" id="71d99e7f-77f4-482f-aff9-ed3fbda93dd9" name="Smart Assertion"><con:configuration xsi:type="con:DataAndMetadataAssertion"><con:mode>Received Data</con:mode><con:elements><con:path>declare namespace ns1='http://tempuri.org/';
//ns1:AddResponse[1]/ns1:AddResult[1]</con:path><con:element>AddResult</con:element><con:operatorId>1</con:operatorId><con:enabled>true</con:enabled><con:expectedValue>3</con:expectedValue><con:caseSensitive>true</con:caseSensitive><con:numberType>true</con:numberType></con:elements><con:originalMessage><![CDATA[<soap:Envelope xmlns:soap="http://schemas.xmlsoap.org/soap/envelope/" xmlns:xsi="http://www.w3.org/2001/XMLSchema-instance" xmlns:xsd="http://www.w3.org/2001/XMLSchema">
   <soap:Body>
      <AddResponse xmlns="http://tempuri.org/">
         <AddResult>3</AddResult>
      </AddResponse>
   </soap:Body>
</soap:Envelope>]]></con:originalMessage></con:configuration></con:assertion><con:credentials><con:selectedAuthProfile>No Authorization</con:selectedAuthProfile><con:authType>No Authorization</con:authType></con:credentials><con:jmsConfig JMSDeliveryMode="PERSISTENT"/><con:wsaConfig mustUnderstand="NONE" version="200508" action="http://tempuri.org/Add"/><con:wsrmConfig version="1.2"/></con:request></con:config></con:testStep><con:properties/><con:reportParameters/></con:testCase>